{"level":"info","message":"Server running on port 3000","service":"contact-management-api","timestamp":"2025-07-26T23:33:28.963Z"}
{"count":0,"level":"info","message":"GET /contacts - Retrieving all contacts","service":"contact-management-api","timestamp":"2025-07-26T23:33:37.699Z"}
{"count":0,"level":"info","message":"GET /contacts - Retrieving all contacts","service":"contact-management-api","timestamp":"2025-07-26T23:33:37.706Z"}
{"firstName":"max","id":"123456","lastName":"dunphy","level":"info","message":"POST /contacts - Adding new contact","service":"contact-management-api","timestamp":"2025-07-26T23:34:10.142Z"}
{"contactCount":1,"id":"123456","level":"info","message":"POST /contacts - Contact added successfully","service":"contact-management-api","timestamp":"2025-07-26T23:34:10.143Z"}
{"count":1,"level":"info","message":"GET /contacts - Retrieving all contacts","service":"contact-management-api","timestamp":"2025-07-26T23:34:14.135Z"}
{"count":1,"level":"info","message":"GET /contacts - Retrieving all contacts","service":"contact-management-api","timestamp":"2025-07-26T23:34:14.138Z"}
{"count":1,"level":"info","message":"GET /contacts - Retrieving all contacts","service":"contact-management-api","timestamp":"2025-07-26T23:34:14.634Z"}
{"count":1,"level":"info","message":"GET /contacts - Retrieving all contacts","service":"contact-management-api","timestamp":"2025-07-26T23:34:14.637Z"}
{"count":1,"level":"info","message":"GET /contacts - Retrieving all contacts","service":"contact-management-api","timestamp":"2025-07-26T23:34:14.816Z"}
{"count":1,"level":"info","message":"GET /contacts - Retrieving all contacts","service":"contact-management-api","timestamp":"2025-07-26T23:34:14.818Z"}
{"count":1,"level":"info","message":"GET /contacts - Retrieving all contacts","service":"contact-management-api","timestamp":"2025-07-26T23:34:15.083Z"}
{"count":1,"level":"info","message":"GET /contacts - Retrieving all contacts","service":"contact-management-api","timestamp":"2025-07-26T23:34:15.084Z"}
{"count":1,"level":"info","message":"GET /contacts - Retrieving all contacts","service":"contact-management-api","timestamp":"2025-07-26T23:34:15.213Z"}
{"count":1,"level":"info","message":"GET /contacts - Retrieving all contacts","service":"contact-management-api","timestamp":"2025-07-26T23:34:15.214Z"}
{"count":1,"level":"info","message":"GET /contacts - Retrieving all contacts","service":"contact-management-api","timestamp":"2025-07-26T23:34:15.310Z"}
{"count":1,"level":"info","message":"GET /contacts - Retrieving all contacts","service":"contact-management-api","timestamp":"2025-07-26T23:34:15.312Z"}
{"count":1,"level":"info","message":"GET /contacts - Retrieving all contacts","service":"contact-management-api","timestamp":"2025-07-26T23:34:15.466Z"}
{"count":1,"level":"info","message":"GET /contacts - Retrieving all contacts","service":"contact-management-api","timestamp":"2025-07-26T23:34:15.467Z"}
{"count":1,"level":"info","message":"GET /contacts - Retrieving all contacts","service":"contact-management-api","timestamp":"2025-07-26T23:34:15.609Z"}
{"count":1,"level":"info","message":"GET /contacts - Retrieving all contacts","service":"contact-management-api","timestamp":"2025-07-26T23:34:15.610Z"}
{"count":1,"level":"info","message":"GET /contacts - Retrieving all contacts","service":"contact-management-api","timestamp":"2025-07-26T23:34:15.783Z"}
{"count":1,"level":"info","message":"GET /contacts - Retrieving all contacts","service":"contact-management-api","timestamp":"2025-07-26T23:34:15.784Z"}
{"count":1,"level":"info","message":"GET /contacts - Retrieving all contacts","service":"contact-management-api","timestamp":"2025-07-26T23:34:15.946Z"}
{"count":1,"level":"info","message":"GET /contacts - Retrieving all contacts","service":"contact-management-api","timestamp":"2025-07-26T23:34:15.947Z"}
{"count":1,"level":"info","message":"GET /contacts - Retrieving all contacts","service":"contact-management-api","timestamp":"2025-07-26T23:34:16.096Z"}
{"count":1,"level":"info","message":"GET /contacts - Retrieving all contacts","service":"contact-management-api","timestamp":"2025-07-26T23:34:16.097Z"}
{"count":1,"level":"info","message":"GET /contacts - Retrieving all contacts","service":"contact-management-api","timestamp":"2025-07-26T23:34:16.263Z"}
{"count":1,"level":"info","message":"GET /contacts - Retrieving all contacts","service":"contact-management-api","timestamp":"2025-07-26T23:34:16.264Z"}
{"count":1,"level":"info","message":"GET /contacts - Retrieving all contacts","service":"contact-management-api","timestamp":"2025-07-26T23:34:16.415Z"}
{"count":1,"level":"info","message":"GET /contacts - Retrieving all contacts","service":"contact-management-api","timestamp":"2025-07-26T23:34:16.416Z"}
{"count":1,"level":"info","message":"GET /contacts - Retrieving all contacts","service":"contact-management-api","timestamp":"2025-07-26T23:34:16.565Z"}
{"count":1,"level":"info","message":"GET /contacts - Retrieving all contacts","service":"contact-management-api","timestamp":"2025-07-26T23:34:16.567Z"}
{"count":1,"level":"info","message":"GET /contacts - Retrieving all contacts","service":"contact-management-api","timestamp":"2025-07-26T23:40:51.352Z"}
{"count":1,"level":"info","message":"GET /contacts - Retrieving all contacts","service":"contact-management-api","timestamp":"2025-07-26T23:40:51.357Z"}
{"count":1,"level":"info","message":"GET /contacts - Retrieving all contacts","service":"contact-management-api","timestamp":"2025-07-26T23:56:49.871Z"}
{"count":1,"level":"info","message":"GET /contacts - Retrieving all contacts","service":"contact-management-api","timestamp":"2025-07-26T23:56:49.873Z"}
{"count":1,"level":"info","message":"GET /contacts - Retrieving all contacts","service":"contact-management-api","timestamp":"2025-07-26T23:56:50.531Z"}
{"count":1,"level":"info","message":"GET /contacts - Retrieving all contacts","service":"contact-management-api","timestamp":"2025-07-26T23:56:50.532Z"}
{"count":1,"level":"info","message":"GET /contacts - Retrieving all contacts","service":"contact-management-api","timestamp":"2025-07-26T23:56:50.690Z"}
{"count":1,"level":"info","message":"GET /contacts - Retrieving all contacts","service":"contact-management-api","timestamp":"2025-07-26T23:56:50.691Z"}
{"count":1,"level":"info","message":"GET /contacts - Retrieving all contacts","service":"contact-management-api","timestamp":"2025-07-26T23:56:50.839Z"}
{"count":1,"level":"info","message":"GET /contacts - Retrieving all contacts","service":"contact-management-api","timestamp":"2025-07-26T23:56:50.840Z"}
{"count":1,"level":"info","message":"GET /contacts - Retrieving all contacts","service":"contact-management-api","timestamp":"2025-07-26T23:56:51.108Z"}
{"count":1,"level":"info","message":"GET /contacts - Retrieving all contacts","service":"contact-management-api","timestamp":"2025-07-26T23:56:51.109Z"}
{"count":1,"level":"info","message":"GET /contacts - Retrieving all contacts","service":"contact-management-api","timestamp":"2025-07-26T23:56:51.247Z"}
{"count":1,"level":"info","message":"GET /contacts - Retrieving all contacts","service":"contact-management-api","timestamp":"2025-07-26T23:56:51.248Z"}
{"count":1,"level":"info","message":"GET /contacts - Retrieving all contacts","service":"contact-management-api","timestamp":"2025-07-26T23:56:51.405Z"}
{"count":1,"level":"info","message":"GET /contacts - Retrieving all contacts","service":"contact-management-api","timestamp":"2025-07-26T23:56:51.406Z"}
{"count":1,"level":"info","message":"GET /contacts - Retrieving all contacts","service":"contact-management-api","timestamp":"2025-07-26T23:56:51.556Z"}
{"count":1,"level":"info","message":"GET /contacts - Retrieving all contacts","service":"contact-management-api","timestamp":"2025-07-26T23:56:51.557Z"}
{"count":1,"level":"info","message":"GET /contacts - Retrieving all contacts","service":"contact-management-api","timestamp":"2025-07-26T23:56:51.906Z"}
{"count":1,"level":"info","message":"GET /contacts - Retrieving all contacts","service":"contact-management-api","timestamp":"2025-07-26T23:56:51.907Z"}
{"count":1,"level":"info","message":"GET /contacts - Retrieving all contacts","service":"contact-management-api","timestamp":"2025-07-26T23:56:52.514Z"}
{"count":1,"level":"info","message":"GET /contacts - Retrieving all contacts","service":"contact-management-api","timestamp":"2025-07-26T23:56:52.515Z"}
{"count":1,"level":"info","message":"GET /contacts - Retrieving all contacts","service":"contact-management-api","timestamp":"2025-07-26T23:56:52.688Z"}
{"count":1,"level":"info","message":"GET /contacts - Retrieving all contacts","service":"contact-management-api","timestamp":"2025-07-26T23:56:52.690Z"}
{"count":1,"level":"info","message":"GET /contacts - Retrieving all contacts","service":"contact-management-api","timestamp":"2025-07-26T23:56:52.871Z"}
{"count":1,"level":"info","message":"GET /contacts - Retrieving all contacts","service":"contact-management-api","timestamp":"2025-07-26T23:56:52.872Z"}
{"count":1,"level":"info","message":"GET /contacts - Retrieving all contacts","service":"contact-management-api","timestamp":"2025-07-26T23:56:53.045Z"}
{"count":1,"level":"info","message":"GET /contacts - Retrieving all contacts","service":"contact-management-api","timestamp":"2025-07-26T23:56:53.046Z"}
{"count":1,"level":"info","message":"GET /contacts - Retrieving all contacts","service":"contact-management-api","timestamp":"2025-07-26T23:56:53.173Z"}
{"count":1,"level":"info","message":"GET /contacts - Retrieving all contacts","service":"contact-management-api","timestamp":"2025-07-26T23:56:53.174Z"}
{"count":1,"level":"info","message":"GET /contacts - Retrieving all contacts","service":"contact-management-api","timestamp":"2025-07-26T23:56:53.322Z"}
{"count":1,"level":"info","message":"GET /contacts - Retrieving all contacts","service":"contact-management-api","timestamp":"2025-07-26T23:56:53.324Z"}
{"count":1,"level":"info","message":"GET /contacts - Retrieving all contacts","service":"contact-management-api","timestamp":"2025-07-26T23:56:53.488Z"}
{"count":1,"level":"info","message":"GET /contacts - Retrieving all contacts","service":"contact-management-api","timestamp":"2025-07-26T23:56:53.489Z"}
{"count":1,"level":"info","message":"GET /contacts - Retrieving all contacts","service":"contact-management-api","timestamp":"2025-07-26T23:56:53.789Z"}
{"count":1,"level":"info","message":"GET /contacts - Retrieving all contacts","service":"contact-management-api","timestamp":"2025-07-26T23:56:53.790Z"}
{"count":1,"level":"info","message":"GET /contacts - Retrieving all contacts","service":"contact-management-api","timestamp":"2025-07-26T23:56:53.943Z"}
{"count":1,"level":"info","message":"GET /contacts - Retrieving all contacts","service":"contact-management-api","timestamp":"2025-07-26T23:56:53.945Z"}
{"count":1,"level":"info","message":"GET /contacts - Retrieving all contacts","service":"contact-management-api","timestamp":"2025-07-26T23:56:54.178Z"}
{"count":1,"level":"info","message":"GET /contacts - Retrieving all contacts","service":"contact-management-api","timestamp":"2025-07-26T23:56:54.179Z"}
{"count":1,"level":"info","message":"GET /contacts - Retrieving all contacts","service":"contact-management-api","timestamp":"2025-07-26T23:56:54.323Z"}
{"count":1,"level":"info","message":"GET /contacts - Retrieving all contacts","service":"contact-management-api","timestamp":"2025-07-26T23:56:54.324Z"}
{"count":1,"level":"info","message":"GET /contacts - Retrieving all contacts","service":"contact-management-api","timestamp":"2025-07-26T23:56:54.453Z"}
{"count":1,"level":"info","message":"GET /contacts - Retrieving all contacts","service":"contact-management-api","timestamp":"2025-07-26T23:56:54.454Z"}
{"count":1,"level":"info","message":"GET /contacts - Retrieving all contacts","service":"contact-management-api","timestamp":"2025-07-26T23:56:54.605Z"}
{"count":1,"level":"info","message":"GET /contacts - Retrieving all contacts","service":"contact-management-api","timestamp":"2025-07-26T23:56:54.606Z"}
{"count":1,"level":"info","message":"GET /contacts - Retrieving all contacts","service":"contact-management-api","timestamp":"2025-07-26T23:57:21.652Z"}
{"count":1,"level":"info","message":"GET /contacts - Retrieving all contacts","service":"contact-management-api","timestamp":"2025-07-26T23:57:21.655Z"}
{"count":1,"level":"info","message":"GET /contacts - Retrieving all contacts","service":"contact-management-api","timestamp":"2025-07-26T23:57:22.626Z"}
{"count":1,"level":"info","message":"GET /contacts - Retrieving all contacts","service":"contact-management-api","timestamp":"2025-07-26T23:57:22.628Z"}
{"count":1,"level":"info","message":"GET /contacts - Retrieving all contacts","service":"contact-management-api","timestamp":"2025-07-26T23:57:23.125Z"}
{"count":1,"level":"info","message":"GET /contacts - Retrieving all contacts","service":"contact-management-api","timestamp":"2025-07-26T23:57:23.126Z"}
{"count":1,"level":"info","message":"GET /contacts - Retrieving all contacts","service":"contact-management-api","timestamp":"2025-07-26T23:57:23.273Z"}
{"count":1,"level":"info","message":"GET /contacts - Retrieving all contacts","service":"contact-management-api","timestamp":"2025-07-26T23:57:23.274Z"}
{"count":1,"level":"info","message":"GET /contacts - Retrieving all contacts","service":"contact-management-api","timestamp":"2025-07-26T23:57:23.454Z"}
{"count":1,"level":"info","message":"GET /contacts - Retrieving all contacts","service":"contact-management-api","timestamp":"2025-07-26T23:57:23.455Z"}
{"count":1,"level":"info","message":"GET /contacts - Retrieving all contacts","service":"contact-management-api","timestamp":"2025-07-26T23:57:24.315Z"}
{"count":1,"level":"info","message":"GET /contacts - Retrieving all contacts","service":"contact-management-api","timestamp":"2025-07-26T23:57:24.316Z"}
{"count":1,"level":"info","message":"GET /contacts - Retrieving all contacts","service":"contact-management-api","timestamp":"2025-07-26T23:57:24.811Z"}
{"count":1,"level":"info","message":"GET /contacts - Retrieving all contacts","service":"contact-management-api","timestamp":"2025-07-26T23:57:24.812Z"}
{"count":1,"level":"info","message":"GET /contacts - Retrieving all contacts","service":"contact-management-api","timestamp":"2025-07-26T23:57:34.738Z"}
{"count":1,"level":"info","message":"GET /contacts - Retrieving all contacts","service":"contact-management-api","timestamp":"2025-07-26T23:57:34.740Z"}
{"count":1,"level":"info","message":"GET /contacts - Retrieving all contacts","service":"contact-management-api","timestamp":"2025-07-26T23:57:35.501Z"}
{"count":1,"level":"info","message":"GET /contacts - Retrieving all contacts","service":"contact-management-api","timestamp":"2025-07-26T23:57:35.502Z"}
{"count":1,"level":"info","message":"GET /contacts - Retrieving all contacts","service":"contact-management-api","timestamp":"2025-07-26T23:57:35.689Z"}
{"count":1,"level":"info","message":"GET /contacts - Retrieving all contacts","service":"contact-management-api","timestamp":"2025-07-26T23:57:35.690Z"}
{"count":1,"level":"info","message":"GET /contacts - Retrieving all contacts","service":"contact-management-api","timestamp":"2025-07-26T23:57:35.821Z"}
{"count":1,"level":"info","message":"GET /contacts - Retrieving all contacts","service":"contact-management-api","timestamp":"2025-07-26T23:57:35.822Z"}
{"count":1,"level":"info","message":"GET /contacts - Retrieving all contacts","service":"contact-management-api","timestamp":"2025-07-26T23:57:35.957Z"}
{"count":1,"level":"info","message":"GET /contacts - Retrieving all contacts","service":"contact-management-api","timestamp":"2025-07-26T23:57:35.958Z"}
{"count":1,"level":"info","message":"GET /contacts - Retrieving all contacts","service":"contact-management-api","timestamp":"2025-07-26T23:57:36.209Z"}
{"count":1,"level":"info","message":"GET /contacts - Retrieving all contacts","service":"contact-management-api","timestamp":"2025-07-26T23:57:36.210Z"}
{"count":1,"level":"info","message":"GET /contacts - Retrieving all contacts","service":"contact-management-api","timestamp":"2025-07-26T23:57:36.355Z"}
{"count":1,"level":"info","message":"GET /contacts - Retrieving all contacts","service":"contact-management-api","timestamp":"2025-07-26T23:57:36.356Z"}
{"count":1,"level":"info","message":"GET /contacts - Retrieving all contacts","service":"contact-management-api","timestamp":"2025-07-26T23:57:37.041Z"}
{"count":1,"level":"info","message":"GET /contacts - Retrieving all contacts","service":"contact-management-api","timestamp":"2025-07-26T23:57:37.042Z"}
{"count":1,"level":"info","message":"GET /contacts - Retrieving all contacts","service":"contact-management-api","timestamp":"2025-07-26T23:57:37.207Z"}
{"count":1,"level":"info","message":"GET /contacts - Retrieving all contacts","service":"contact-management-api","timestamp":"2025-07-26T23:57:37.208Z"}
{"count":1,"level":"info","message":"GET /contacts - Retrieving all contacts","service":"contact-management-api","timestamp":"2025-07-26T23:57:37.398Z"}
{"count":1,"level":"info","message":"GET /contacts - Retrieving all contacts","service":"contact-management-api","timestamp":"2025-07-26T23:57:37.399Z"}
{"count":1,"level":"info","message":"GET /contacts - Retrieving all contacts","service":"contact-management-api","timestamp":"2025-07-26T23:57:37.575Z"}
{"count":1,"level":"info","message":"GET /contacts - Retrieving all contacts","service":"contact-management-api","timestamp":"2025-07-26T23:57:37.575Z"}
{"count":1,"level":"info","message":"GET /contacts - Retrieving all contacts","service":"contact-management-api","timestamp":"2025-07-26T23:57:38.107Z"}
{"count":1,"level":"info","message":"GET /contacts - Retrieving all contacts","service":"contact-management-api","timestamp":"2025-07-26T23:57:38.108Z"}
{"count":1,"level":"info","message":"GET /contacts - Retrieving all contacts","service":"contact-management-api","timestamp":"2025-07-26T23:57:38.276Z"}
{"count":1,"level":"info","message":"GET /contacts - Retrieving all contacts","service":"contact-management-api","timestamp":"2025-07-26T23:57:38.277Z"}
{"count":1,"level":"info","message":"GET /contacts - Retrieving all contacts","service":"contact-management-api","timestamp":"2025-07-26T23:57:38.438Z"}
{"count":1,"level":"info","message":"GET /contacts - Retrieving all contacts","service":"contact-management-api","timestamp":"2025-07-26T23:57:38.439Z"}
{"count":1,"level":"info","message":"GET /contacts - Retrieving all contacts","service":"contact-management-api","timestamp":"2025-07-26T23:57:38.609Z"}
{"count":1,"level":"info","message":"GET /contacts - Retrieving all contacts","service":"contact-management-api","timestamp":"2025-07-26T23:57:38.611Z"}
{"count":1,"level":"info","message":"GET /contacts - Retrieving all contacts","service":"contact-management-api","timestamp":"2025-07-26T23:57:38.705Z"}
{"count":1,"level":"info","message":"GET /contacts - Retrieving all contacts","service":"contact-management-api","timestamp":"2025-07-26T23:57:38.706Z"}
{"count":1,"level":"info","message":"GET /contacts - Retrieving all contacts","service":"contact-management-api","timestamp":"2025-07-26T23:57:38.853Z"}
{"count":1,"level":"info","message":"GET /contacts - Retrieving all contacts","service":"contact-management-api","timestamp":"2025-07-26T23:57:38.854Z"}
{"id":"123456","level":"info","message":"DELETE /contacts/:id - Deleting contact","service":"contact-management-api","timestamp":"2025-07-26T23:57:41.767Z"}
{"id":"123456","level":"info","message":"DELETE /contacts/:id - Contact deleted successfully","remainingContacts":0,"service":"contact-management-api","timestamp":"2025-07-26T23:57:41.768Z"}
{"count":0,"level":"info","message":"GET /contacts - Retrieving all contacts","service":"contact-management-api","timestamp":"2025-07-26T23:57:43.374Z"}
{"count":0,"level":"info","message":"GET /contacts - Retrieving all contacts","service":"contact-management-api","timestamp":"2025-07-26T23:57:43.376Z"}
{"count":0,"level":"info","message":"GET /contacts - Retrieving all contacts","service":"contact-management-api","timestamp":"2025-07-26T23:57:44.013Z"}
{"count":0,"level":"info","message":"GET /contacts - Retrieving all contacts","service":"contact-management-api","timestamp":"2025-07-26T23:57:44.015Z"}
{"count":0,"level":"info","message":"GET /contacts - Retrieving all contacts","service":"contact-management-api","timestamp":"2025-07-26T23:57:44.190Z"}
{"count":0,"level":"info","message":"GET /contacts - Retrieving all contacts","service":"contact-management-api","timestamp":"2025-07-26T23:57:44.191Z"}
{"count":0,"level":"info","message":"GET /contacts - Retrieving all contacts","service":"contact-management-api","timestamp":"2025-07-26T23:57:44.998Z"}
{"count":0,"level":"info","message":"GET /contacts - Retrieving all contacts","service":"contact-management-api","timestamp":"2025-07-26T23:57:45.000Z"}
{"level":"info","message":"Server running on port 3000","service":"contact-management-api","timestamp":"2025-07-26T23:58:16.180Z"}
{"level":"error","message":"Failed to load test data:","service":"contact-management-api","timestamp":"2025-07-26T23:58:16.184Z"}
{"count":0,"level":"info","message":"GET /contacts - Retrieving all contacts","service":"contact-management-api","timestamp":"2025-07-26T23:58:25.773Z"}
{"count":0,"level":"info","message":"GET /contacts - Retrieving all contacts","service":"contact-management-api","timestamp":"2025-07-26T23:58:25.780Z"}
{"count":0,"level":"info","message":"GET /contacts - Retrieving all contacts","service":"contact-management-api","timestamp":"2025-07-26T23:58:26.263Z"}
{"count":0,"level":"info","message":"GET /contacts - Retrieving all contacts","service":"contact-management-api","timestamp":"2025-07-26T23:58:26.266Z"}
{"count":0,"level":"info","message":"GET /contacts - Retrieving all contacts","service":"contact-management-api","timestamp":"2025-07-26T23:58:27.249Z"}
{"count":0,"level":"info","message":"GET /contacts - Retrieving all contacts","service":"contact-management-api","timestamp":"2025-07-26T23:58:27.252Z"}
{"count":0,"level":"info","message":"GET /contacts - Retrieving all contacts","service":"contact-management-api","timestamp":"2025-07-26T23:58:34.196Z"}
{"count":0,"level":"info","message":"GET /contacts - Retrieving all contacts","service":"contact-management-api","timestamp":"2025-07-26T23:58:34.203Z"}
{"count":0,"level":"info","message":"GET /contacts - Retrieving all contacts","service":"contact-management-api","timestamp":"2025-07-26T23:59:40.865Z"}
{"count":0,"level":"info","message":"GET /contacts - Retrieving all contacts","service":"contact-management-api","timestamp":"2025-07-26T23:59:40.883Z"}
{"count":0,"level":"info","message":"GET /contacts - Retrieving all contacts","service":"contact-management-api","timestamp":"2025-07-26T23:59:41.398Z"}
{"count":0,"level":"info","message":"GET /contacts - Retrieving all contacts","service":"contact-management-api","timestamp":"2025-07-26T23:59:41.399Z"}
{"count":0,"level":"info","message":"GET /contacts - Retrieving all contacts","service":"contact-management-api","timestamp":"2025-07-26T23:59:41.525Z"}
{"count":0,"level":"info","message":"GET /contacts - Retrieving all contacts","service":"contact-management-api","timestamp":"2025-07-26T23:59:41.527Z"}
{"count":0,"level":"info","message":"GET /contacts - Retrieving all contacts","service":"contact-management-api","timestamp":"2025-07-26T23:59:41.877Z"}
{"count":0,"level":"info","message":"GET /contacts - Retrieving all contacts","service":"contact-management-api","timestamp":"2025-07-26T23:59:41.881Z"}
{"count":0,"level":"info","message":"GET /contacts - Retrieving all contacts","service":"contact-management-api","timestamp":"2025-07-26T23:59:42.136Z"}
{"count":0,"level":"info","message":"GET /contacts - Retrieving all contacts","service":"contact-management-api","timestamp":"2025-07-26T23:59:42.141Z"}
{"count":0,"level":"info","message":"GET /contacts - Retrieving all contacts","service":"contact-management-api","timestamp":"2025-07-26T23:59:42.256Z"}
{"count":0,"level":"info","message":"GET /contacts - Retrieving all contacts","service":"contact-management-api","timestamp":"2025-07-26T23:59:42.259Z"}
{"count":0,"level":"info","message":"GET /contacts - Retrieving all contacts","service":"contact-management-api","timestamp":"2025-07-26T23:59:42.392Z"}
{"count":0,"level":"info","message":"GET /contacts - Retrieving all contacts","service":"contact-management-api","timestamp":"2025-07-26T23:59:42.393Z"}
{"count":0,"level":"info","message":"GET /contacts - Retrieving all contacts","service":"contact-management-api","timestamp":"2025-07-26T23:59:42.526Z"}
{"count":0,"level":"info","message":"GET /contacts - Retrieving all contacts","service":"contact-management-api","timestamp":"2025-07-26T23:59:42.527Z"}
{"count":0,"level":"info","message":"GET /contacts - Retrieving all contacts","service":"contact-management-api","timestamp":"2025-07-26T23:59:42.625Z"}
{"count":0,"level":"info","message":"GET /contacts - Retrieving all contacts","service":"contact-management-api","timestamp":"2025-07-26T23:59:42.626Z"}
{"count":0,"level":"info","message":"GET /contacts - Retrieving all contacts","service":"contact-management-api","timestamp":"2025-07-26T23:59:42.843Z"}
{"count":0,"level":"info","message":"GET /contacts - Retrieving all contacts","service":"contact-management-api","timestamp":"2025-07-26T23:59:42.844Z"}
{"count":0,"level":"info","message":"GET /contacts - Retrieving all contacts","service":"contact-management-api","timestamp":"2025-07-26T23:59:43.102Z"}
{"count":0,"level":"info","message":"GET /contacts - Retrieving all contacts","service":"contact-management-api","timestamp":"2025-07-26T23:59:43.103Z"}
{"count":0,"level":"info","message":"GET /contacts - Retrieving all contacts","service":"contact-management-api","timestamp":"2025-07-26T23:59:43.274Z"}
{"count":0,"level":"info","message":"GET /contacts - Retrieving all contacts","service":"contact-management-api","timestamp":"2025-07-26T23:59:43.276Z"}
{"level":"info","message":"Server running on port 3000","service":"contact-management-api","timestamp":"2025-07-26T23:59:49.891Z"}
{"error":"Cannot read properties of undefined (reading 'trim')","file":"/Users/brainxtechnologies/Downloads/CS499 Module 3 MilestoneTwo_SoftwareEnhancement/contact-management-web/TestData.txt","level":"error","message":"Failed to load test data:","service":"contact-management-api","stack":"TypeError: Cannot read properties of undefined (reading 'trim')\n    at loadTestData (/Users/brainxtechnologies/Downloads/CS499 Module 3 MilestoneTwo_SoftwareEnhancement/contact-management-web/server.js:103:67)","timestamp":"2025-07-26T23:59:49.894Z"}
{"level":"info","message":"Server running on port 3000","service":"contact-management-api","timestamp":"2025-07-27T00:00:55.567Z"}
{"level":"warn","message":"Skipped invalid line: \"Test Data for Contact Management Web Application (50 records):\" - Expected 6 fields, got 1","service":"contact-management-api","timestamp":"2025-07-27T00:00:55.571Z"}
{"level":"info","message":"Loaded test contact with ID 12345","service":"contact-management-api","timestamp":"2025-07-27T00:00:55.572Z"}
{"level":"info","message":"Loaded test contact with ID 12346","service":"contact-management-api","timestamp":"2025-07-27T00:00:55.572Z"}
{"level":"info","message":"Loaded test contact with ID 12347","service":"contact-management-api","timestamp":"2025-07-27T00:00:55.572Z"}
{"level":"info","message":"Loaded test contact with ID 12348","service":"contact-management-api","timestamp":"2025-07-27T00:00:55.573Z"}
{"level":"info","message":"Loaded test contact with ID 12349","service":"contact-management-api","timestamp":"2025-07-27T00:00:55.573Z"}
{"level":"info","message":"Loaded test contact with ID 12350","service":"contact-management-api","timestamp":"2025-07-27T00:00:55.573Z"}
{"level":"info","message":"Loaded test contact with ID 12351","service":"contact-management-api","timestamp":"2025-07-27T00:00:55.573Z"}
{"level":"info","message":"Loaded test contact with ID 12352","service":"contact-management-api","timestamp":"2025-07-27T00:00:55.573Z"}
{"level":"info","message":"Loaded test contact with ID 12353","service":"contact-management-api","timestamp":"2025-07-27T00:00:55.574Z"}
{"level":"info","message":"Loaded test contact with ID 12354","service":"contact-management-api","timestamp":"2025-07-27T00:00:55.574Z"}
{"level":"info","message":"Loaded test contact with ID 12355","service":"contact-management-api","timestamp":"2025-07-27T00:00:55.574Z"}
{"level":"info","message":"Loaded test contact with ID 12356","service":"contact-management-api","timestamp":"2025-07-27T00:00:55.575Z"}
{"level":"info","message":"Loaded test contact with ID 12357","service":"contact-management-api","timestamp":"2025-07-27T00:00:55.575Z"}
{"level":"info","message":"Loaded test contact with ID 12358","service":"contact-management-api","timestamp":"2025-07-27T00:00:55.575Z"}
{"level":"info","message":"Loaded test contact with ID 12359","service":"contact-management-api","timestamp":"2025-07-27T00:00:55.575Z"}
{"level":"info","message":"Loaded test contact with ID 12360","service":"contact-management-api","timestamp":"2025-07-27T00:00:55.575Z"}
{"level":"info","message":"Loaded test contact with ID 12361","service":"contact-management-api","timestamp":"2025-07-27T00:00:55.575Z"}
{"level":"info","message":"Loaded test contact with ID 12362","service":"contact-management-api","timestamp":"2025-07-27T00:00:55.575Z"}
{"level":"info","message":"Loaded test contact with ID 12363","service":"contact-management-api","timestamp":"2025-07-27T00:00:55.575Z"}
{"level":"info","message":"Loaded test contact with ID 12364","service":"contact-management-api","timestamp":"2025-07-27T00:00:55.575Z"}
{"level":"info","message":"Loaded test contact with ID 12365","service":"contact-management-api","timestamp":"2025-07-27T00:00:55.575Z"}
{"level":"info","message":"Loaded test contact with ID 12366","service":"contact-management-api","timestamp":"2025-07-27T00:00:55.575Z"}
{"level":"info","message":"Loaded test contact with ID 12367","service":"contact-management-api","timestamp":"2025-07-27T00:00:55.575Z"}
{"level":"info","message":"Loaded test contact with ID 12368","service":"contact-management-api","timestamp":"2025-07-27T00:00:55.575Z"}
{"level":"info","message":"Loaded test contact with ID 12369","service":"contact-management-api","timestamp":"2025-07-27T00:00:55.575Z"}
{"level":"info","message":"Loaded test contact with ID 12370","service":"contact-management-api","timestamp":"2025-07-27T00:00:55.576Z"}
{"level":"info","message":"Loaded test contact with ID 12371","service":"contact-management-api","timestamp":"2025-07-27T00:00:55.576Z"}
{"level":"info","message":"Loaded test contact with ID 12372","service":"contact-management-api","timestamp":"2025-07-27T00:00:55.576Z"}
{"level":"info","message":"Loaded test contact with ID 12373","service":"contact-management-api","timestamp":"2025-07-27T00:00:55.576Z"}
{"level":"info","message":"Loaded test contact with ID 12374","service":"contact-management-api","timestamp":"2025-07-27T00:00:55.576Z"}
{"level":"info","message":"Loaded test contact with ID 12375","service":"contact-management-api","timestamp":"2025-07-27T00:00:55.576Z"}
{"level":"info","message":"Loaded test contact with ID 12376","service":"contact-management-api","timestamp":"2025-07-27T00:00:55.576Z"}
{"level":"info","message":"Loaded test contact with ID 12377","service":"contact-management-api","timestamp":"2025-07-27T00:00:55.576Z"}
{"level":"info","message":"Loaded test contact with ID 12378","service":"contact-management-api","timestamp":"2025-07-27T00:00:55.576Z"}
{"level":"info","message":"Loaded test contact with ID 12379","service":"contact-management-api","timestamp":"2025-07-27T00:00:55.576Z"}
{"level":"info","message":"Loaded test contact with ID 12380","service":"contact-management-api","timestamp":"2025-07-27T00:00:55.576Z"}
{"level":"info","message":"Loaded test contact with ID 12381","service":"contact-management-api","timestamp":"2025-07-27T00:00:55.576Z"}
{"level":"info","message":"Loaded test contact with ID 12382","service":"contact-management-api","timestamp":"2025-07-27T00:00:55.576Z"}
{"level":"info","message":"Loaded test contact with ID 12383","service":"contact-management-api","timestamp":"2025-07-27T00:00:55.576Z"}
{"level":"info","message":"Loaded test contact with ID 12384","service":"contact-management-api","timestamp":"2025-07-27T00:00:55.576Z"}
{"level":"info","message":"Loaded test contact with ID 12385","service":"contact-management-api","timestamp":"2025-07-27T00:00:55.576Z"}
{"level":"info","message":"Loaded test contact with ID 12386","service":"contact-management-api","timestamp":"2025-07-27T00:00:55.576Z"}
{"level":"info","message":"Loaded test contact with ID 12387","service":"contact-management-api","timestamp":"2025-07-27T00:00:55.576Z"}
{"level":"info","message":"Loaded test contact with ID 12388","service":"contact-management-api","timestamp":"2025-07-27T00:00:55.576Z"}
{"level":"info","message":"Loaded test contact with ID 12389","service":"contact-management-api","timestamp":"2025-07-27T00:00:55.576Z"}
{"level":"info","message":"Loaded test contact with ID 12390","service":"contact-management-api","timestamp":"2025-07-27T00:00:55.576Z"}
{"level":"info","message":"Loaded test contact with ID 12391","service":"contact-management-api","timestamp":"2025-07-27T00:00:55.576Z"}
{"level":"info","message":"Loaded test contact with ID 12392","service":"contact-management-api","timestamp":"2025-07-27T00:00:55.576Z"}
{"level":"info","message":"Loaded test contact with ID 12393","service":"contact-management-api","timestamp":"2025-07-27T00:00:55.576Z"}
{"level":"info","message":"Loaded test contact with ID 12394","service":"contact-management-api","timestamp":"2025-07-27T00:00:55.576Z"}
{"level":"info","message":"Loaded 50 test contacts from /Users/brainxtechnologies/Downloads/CS499 Module 3 MilestoneTwo_SoftwareEnhancement/contact-management-web/TestData.txt","service":"contact-management-api","timestamp":"2025-07-27T00:00:55.576Z"}
{"count":50,"level":"info","message":"GET /contacts - Retrieving all contacts","service":"contact-management-api","timestamp":"2025-07-27T00:01:00.757Z"}
{"count":50,"level":"info","message":"GET /contacts - Retrieving all contacts","service":"contact-management-api","timestamp":"2025-07-27T00:01:00.774Z"}
{"firstName":"Julie","id":"12394","lastName":"Torres","level":"info","message":"PUT /contacts/:id - Updating contact","service":"contact-management-api","timestamp":"2025-07-27T00:01:13.473Z"}
{"id":"12394","level":"info","message":"PUT /contacts/:id - Contact updated successfully","service":"contact-management-api","timestamp":"2025-07-27T00:01:13.474Z"}
{"count":50,"level":"info","message":"GET /contacts - Retrieving all contacts","service":"contact-management-api","timestamp":"2025-07-27T00:01:24.084Z"}
{"count":50,"level":"info","message":"GET /contacts - Retrieving all contacts","service":"contact-management-api","timestamp":"2025-07-27T00:01:24.088Z"}
{"firstName":"max","id":"12345632","lastName":"dunphy","level":"info","message":"POST /contacts - Adding new contact","service":"contact-management-api","timestamp":"2025-07-27T00:02:05.159Z"}
{"contactCount":51,"id":"12345632","level":"info","message":"POST /contacts - Contact added successfully","service":"contact-management-api","timestamp":"2025-07-27T00:02:05.160Z"}
{"level":"info","message":"Server running on port 3000","service":"contact-management-api","timestamp":"2025-07-27T00:20:20.781Z"}
{"level":"warn","message":"Skipped invalid line: \"Test Data for Contact Management Web Application (50 records):\" - Expected 6 fields, got 1","service":"contact-management-api","timestamp":"2025-07-27T00:20:20.785Z"}
{"level":"info","message":"Loaded test contact with ID 12345","service":"contact-management-api","timestamp":"2025-07-27T00:20:20.785Z"}
{"level":"info","message":"Loaded test contact with ID 12346","service":"contact-management-api","timestamp":"2025-07-27T00:20:20.786Z"}
{"level":"info","message":"Loaded test contact with ID 12347","service":"contact-management-api","timestamp":"2025-07-27T00:20:20.786Z"}
{"level":"info","message":"Loaded test contact with ID 12348","service":"contact-management-api","timestamp":"2025-07-27T00:20:20.786Z"}
{"level":"info","message":"Loaded test contact with ID 12349","service":"contact-management-api","timestamp":"2025-07-27T00:20:20.786Z"}
{"level":"info","message":"Loaded test contact with ID 12350","service":"contact-management-api","timestamp":"2025-07-27T00:20:20.786Z"}
{"level":"info","message":"Loaded test contact with ID 12351","service":"contact-management-api","timestamp":"2025-07-27T00:20:20.787Z"}
{"level":"info","message":"Loaded test contact with ID 12352","service":"contact-management-api","timestamp":"2025-07-27T00:20:20.787Z"}
{"level":"info","message":"Loaded test contact with ID 12353","service":"contact-management-api","timestamp":"2025-07-27T00:20:20.787Z"}
{"level":"info","message":"Loaded test contact with ID 12354","service":"contact-management-api","timestamp":"2025-07-27T00:20:20.787Z"}
{"level":"info","message":"Loaded test contact with ID 12355","service":"contact-management-api","timestamp":"2025-07-27T00:20:20.787Z"}
{"level":"info","message":"Loaded test contact with ID 12356","service":"contact-management-api","timestamp":"2025-07-27T00:20:20.787Z"}
{"level":"info","message":"Loaded test contact with ID 12357","service":"contact-management-api","timestamp":"2025-07-27T00:20:20.787Z"}
{"level":"info","message":"Loaded test contact with ID 12358","service":"contact-management-api","timestamp":"2025-07-27T00:20:20.787Z"}
{"level":"info","message":"Loaded test contact with ID 12359","service":"contact-management-api","timestamp":"2025-07-27T00:20:20.787Z"}
{"level":"info","message":"Loaded test contact with ID 12360","service":"contact-management-api","timestamp":"2025-07-27T00:20:20.787Z"}
{"level":"info","message":"Loaded test contact with ID 12361","service":"contact-management-api","timestamp":"2025-07-27T00:20:20.787Z"}
{"level":"info","message":"Loaded test contact with ID 12362","service":"contact-management-api","timestamp":"2025-07-27T00:20:20.787Z"}
{"level":"info","message":"Loaded test contact with ID 12363","service":"contact-management-api","timestamp":"2025-07-27T00:20:20.787Z"}
{"level":"info","message":"Loaded test contact with ID 12364","service":"contact-management-api","timestamp":"2025-07-27T00:20:20.787Z"}
{"level":"info","message":"Loaded test contact with ID 12365","service":"contact-management-api","timestamp":"2025-07-27T00:20:20.787Z"}
{"level":"info","message":"Loaded test contact with ID 12366","service":"contact-management-api","timestamp":"2025-07-27T00:20:20.787Z"}
{"level":"info","message":"Loaded test contact with ID 12367","service":"contact-management-api","timestamp":"2025-07-27T00:20:20.787Z"}
{"level":"info","message":"Loaded test contact with ID 12368","service":"contact-management-api","timestamp":"2025-07-27T00:20:20.787Z"}
{"level":"info","message":"Loaded test contact with ID 12369","service":"contact-management-api","timestamp":"2025-07-27T00:20:20.787Z"}
{"level":"info","message":"Loaded test contact with ID 12370","service":"contact-management-api","timestamp":"2025-07-27T00:20:20.787Z"}
{"level":"info","message":"Loaded test contact with ID 12371","service":"contact-management-api","timestamp":"2025-07-27T00:20:20.787Z"}
{"level":"info","message":"Loaded test contact with ID 12372","service":"contact-management-api","timestamp":"2025-07-27T00:20:20.788Z"}
{"level":"info","message":"Loaded test contact with ID 12373","service":"contact-management-api","timestamp":"2025-07-27T00:20:20.788Z"}
{"level":"info","message":"Loaded test contact with ID 12374","service":"contact-management-api","timestamp":"2025-07-27T00:20:20.788Z"}
{"level":"info","message":"Loaded test contact with ID 12375","service":"contact-management-api","timestamp":"2025-07-27T00:20:20.788Z"}
{"level":"info","message":"Loaded test contact with ID 12376","service":"contact-management-api","timestamp":"2025-07-27T00:20:20.788Z"}
{"level":"info","message":"Loaded test contact with ID 12377","service":"contact-management-api","timestamp":"2025-07-27T00:20:20.788Z"}
{"level":"info","message":"Loaded test contact with ID 12378","service":"contact-management-api","timestamp":"2025-07-27T00:20:20.788Z"}
{"level":"info","message":"Loaded test contact with ID 12379","service":"contact-management-api","timestamp":"2025-07-27T00:20:20.788Z"}
{"level":"info","message":"Loaded test contact with ID 12380","service":"contact-management-api","timestamp":"2025-07-27T00:20:20.788Z"}
{"level":"info","message":"Loaded test contact with ID 12381","service":"contact-management-api","timestamp":"2025-07-27T00:20:20.788Z"}
{"level":"info","message":"Loaded test contact with ID 12382","service":"contact-management-api","timestamp":"2025-07-27T00:20:20.788Z"}
{"level":"info","message":"Loaded test contact with ID 12383","service":"contact-management-api","timestamp":"2025-07-27T00:20:20.788Z"}
{"level":"info","message":"Loaded test contact with ID 12384","service":"contact-management-api","timestamp":"2025-07-27T00:20:20.788Z"}
{"level":"info","message":"Loaded test contact with ID 12385","service":"contact-management-api","timestamp":"2025-07-27T00:20:20.788Z"}
{"level":"info","message":"Loaded test contact with ID 12386","service":"contact-management-api","timestamp":"2025-07-27T00:20:20.788Z"}
{"level":"info","message":"Loaded test contact with ID 12387","service":"contact-management-api","timestamp":"2025-07-27T00:20:20.788Z"}
{"level":"info","message":"Loaded test contact with ID 12388","service":"contact-management-api","timestamp":"2025-07-27T00:20:20.788Z"}
{"level":"info","message":"Loaded test contact with ID 12389","service":"contact-management-api","timestamp":"2025-07-27T00:20:20.788Z"}
{"level":"info","message":"Loaded test contact with ID 12390","service":"contact-management-api","timestamp":"2025-07-27T00:20:20.788Z"}
{"level":"info","message":"Loaded test contact with ID 12391","service":"contact-management-api","timestamp":"2025-07-27T00:20:20.788Z"}
{"level":"info","message":"Loaded test contact with ID 12392","service":"contact-management-api","timestamp":"2025-07-27T00:20:20.788Z"}
{"level":"info","message":"Loaded test contact with ID 12393","service":"contact-management-api","timestamp":"2025-07-27T00:20:20.788Z"}
{"level":"info","message":"Loaded test contact with ID 12394","service":"contact-management-api","timestamp":"2025-07-27T00:20:20.788Z"}
{"level":"info","message":"Loaded 50 test contacts from /Users/brainxtechnologies/Downloads/CS499 Module 3 MilestoneThree_AlgorithmsEnhancement/contact-management-web/TestData.txt","service":"contact-management-api","timestamp":"2025-07-27T00:20:20.788Z"}
{"count":50,"level":"info","message":"GET /contacts - Retrieving all contacts","service":"contact-management-api","timestamp":"2025-07-27T00:20:36.795Z"}
{"count":50,"level":"info","message":"GET /contacts - Retrieving all contacts","service":"contact-management-api","timestamp":"2025-07-27T00:20:36.809Z"}
{"count":50,"level":"info","message":"GET /contacts - Retrieving all contacts","service":"contact-management-api","timestamp":"2025-07-27T00:20:40.353Z"}
{"count":50,"level":"info","message":"GET /contacts - Retrieving all contacts","service":"contact-management-api","timestamp":"2025-07-27T00:20:40.356Z"}
{"level":"info","message":"Server running on port 3000","service":"contact-management-api","timestamp":"2025-08-03T19:12:37.267Z"}
{"level":"warn","message":"Skipped invalid line: \"Test Data for Contact Management Web Application (50 records):\" - Expected 6 fields, got 1","service":"contact-management-api","timestamp":"2025-08-03T19:12:37.272Z"}
{"level":"info","message":"Loaded test contact with ID 12345","service":"contact-management-api","timestamp":"2025-08-03T19:12:37.273Z"}
{"level":"info","message":"Loaded test contact with ID 12346","service":"contact-management-api","timestamp":"2025-08-03T19:12:37.273Z"}
{"level":"info","message":"Loaded test contact with ID 12347","service":"contact-management-api","timestamp":"2025-08-03T19:12:37.273Z"}
{"level":"info","message":"Loaded test contact with ID 12348","service":"contact-management-api","timestamp":"2025-08-03T19:12:37.273Z"}
{"level":"info","message":"Loaded test contact with ID 12349","service":"contact-management-api","timestamp":"2025-08-03T19:12:37.274Z"}
{"level":"info","message":"Loaded test contact with ID 12350","service":"contact-management-api","timestamp":"2025-08-03T19:12:37.274Z"}
{"level":"info","message":"Loaded test contact with ID 12351","service":"contact-management-api","timestamp":"2025-08-03T19:12:37.274Z"}
{"level":"info","message":"Loaded test contact with ID 12352","service":"contact-management-api","timestamp":"2025-08-03T19:12:37.274Z"}
{"level":"info","message":"Loaded test contact with ID 12353","service":"contact-management-api","timestamp":"2025-08-03T19:12:37.274Z"}
{"level":"info","message":"Loaded test contact with ID 12354","service":"contact-management-api","timestamp":"2025-08-03T19:12:37.274Z"}
{"level":"info","message":"Loaded test contact with ID 12355","service":"contact-management-api","timestamp":"2025-08-03T19:12:37.274Z"}
{"level":"info","message":"Loaded test contact with ID 12356","service":"contact-management-api","timestamp":"2025-08-03T19:12:37.275Z"}
{"level":"info","message":"Loaded test contact with ID 12357","service":"contact-management-api","timestamp":"2025-08-03T19:12:37.275Z"}
{"level":"info","message":"Loaded test contact with ID 12358","service":"contact-management-api","timestamp":"2025-08-03T19:12:37.275Z"}
{"level":"info","message":"Loaded test contact with ID 12359","service":"contact-management-api","timestamp":"2025-08-03T19:12:37.275Z"}
{"level":"info","message":"Loaded test contact with ID 12360","service":"contact-management-api","timestamp":"2025-08-03T19:12:37.275Z"}
{"level":"info","message":"Loaded test contact with ID 12361","service":"contact-management-api","timestamp":"2025-08-03T19:12:37.275Z"}
{"level":"info","message":"Loaded test contact with ID 12362","service":"contact-management-api","timestamp":"2025-08-03T19:12:37.275Z"}
{"level":"info","message":"Loaded test contact with ID 12363","service":"contact-management-api","timestamp":"2025-08-03T19:12:37.275Z"}
{"level":"info","message":"Loaded test contact with ID 12364","service":"contact-management-api","timestamp":"2025-08-03T19:12:37.275Z"}
{"level":"info","message":"Loaded test contact with ID 12365","service":"contact-management-api","timestamp":"2025-08-03T19:12:37.275Z"}
{"level":"info","message":"Loaded test contact with ID 12366","service":"contact-management-api","timestamp":"2025-08-03T19:12:37.275Z"}
{"level":"info","message":"Loaded test contact with ID 12367","service":"contact-management-api","timestamp":"2025-08-03T19:12:37.275Z"}
{"level":"info","message":"Loaded test contact with ID 12368","service":"contact-management-api","timestamp":"2025-08-03T19:12:37.275Z"}
{"level":"info","message":"Loaded test contact with ID 12369","service":"contact-management-api","timestamp":"2025-08-03T19:12:37.275Z"}
{"level":"info","message":"Loaded test contact with ID 12370","service":"contact-management-api","timestamp":"2025-08-03T19:12:37.275Z"}
{"level":"info","message":"Loaded test contact with ID 12371","service":"contact-management-api","timestamp":"2025-08-03T19:12:37.275Z"}
{"level":"info","message":"Loaded test contact with ID 12372","service":"contact-management-api","timestamp":"2025-08-03T19:12:37.275Z"}
{"level":"info","message":"Loaded test contact with ID 12373","service":"contact-management-api","timestamp":"2025-08-03T19:12:37.275Z"}
{"level":"info","message":"Loaded test contact with ID 12374","service":"contact-management-api","timestamp":"2025-08-03T19:12:37.275Z"}
{"level":"info","message":"Loaded test contact with ID 12375","service":"contact-management-api","timestamp":"2025-08-03T19:12:37.275Z"}
{"level":"info","message":"Loaded test contact with ID 12376","service":"contact-management-api","timestamp":"2025-08-03T19:12:37.275Z"}
{"level":"info","message":"Loaded test contact with ID 12377","service":"contact-management-api","timestamp":"2025-08-03T19:12:37.275Z"}
{"level":"info","message":"Loaded test contact with ID 12378","service":"contact-management-api","timestamp":"2025-08-03T19:12:37.275Z"}
{"level":"info","message":"Loaded test contact with ID 12379","service":"contact-management-api","timestamp":"2025-08-03T19:12:37.275Z"}
{"level":"info","message":"Loaded test contact with ID 12380","service":"contact-management-api","timestamp":"2025-08-03T19:12:37.275Z"}
{"level":"info","message":"Loaded test contact with ID 12381","service":"contact-management-api","timestamp":"2025-08-03T19:12:37.275Z"}
{"level":"info","message":"Loaded test contact with ID 12382","service":"contact-management-api","timestamp":"2025-08-03T19:12:37.276Z"}
{"level":"info","message":"Loaded test contact with ID 12383","service":"contact-management-api","timestamp":"2025-08-03T19:12:37.276Z"}
{"level":"info","message":"Loaded test contact with ID 12384","service":"contact-management-api","timestamp":"2025-08-03T19:12:37.276Z"}
{"level":"info","message":"Loaded test contact with ID 12385","service":"contact-management-api","timestamp":"2025-08-03T19:12:37.276Z"}
{"level":"info","message":"Loaded test contact with ID 12386","service":"contact-management-api","timestamp":"2025-08-03T19:12:37.276Z"}
{"level":"info","message":"Loaded test contact with ID 12387","service":"contact-management-api","timestamp":"2025-08-03T19:12:37.276Z"}
{"level":"info","message":"Loaded test contact with ID 12388","service":"contact-management-api","timestamp":"2025-08-03T19:12:37.276Z"}
{"level":"info","message":"Loaded test contact with ID 12389","service":"contact-management-api","timestamp":"2025-08-03T19:12:37.276Z"}
{"level":"info","message":"Loaded test contact with ID 12390","service":"contact-management-api","timestamp":"2025-08-03T19:12:37.276Z"}
{"level":"info","message":"Loaded test contact with ID 12391","service":"contact-management-api","timestamp":"2025-08-03T19:12:37.276Z"}
{"level":"info","message":"Loaded test contact with ID 12392","service":"contact-management-api","timestamp":"2025-08-03T19:12:37.276Z"}
{"level":"info","message":"Loaded test contact with ID 12393","service":"contact-management-api","timestamp":"2025-08-03T19:12:37.276Z"}
{"level":"info","message":"Loaded test contact with ID 12394","service":"contact-management-api","timestamp":"2025-08-03T19:12:37.276Z"}
{"level":"info","message":"Loaded 50 test contacts from /Users/brainxtechnologies/Downloads/CS499 Module 3 MilestoneThree_AlgorithmsEnhancement/contact-management-web/TestData.txt","service":"contact-management-api","timestamp":"2025-08-03T19:12:37.276Z"}
{"count":50,"level":"info","message":"GET /contacts - Retrieving all contacts","service":"contact-management-api","timestamp":"2025-08-03T19:12:43.958Z"}
{"count":50,"level":"info","message":"GET /contacts - Retrieving all contacts","service":"contact-management-api","timestamp":"2025-08-03T19:12:43.975Z"}
{"count":50,"level":"info","message":"GET /contacts - Retrieving all contacts","service":"contact-management-api","timestamp":"2025-08-03T19:15:02.282Z"}
{"count":50,"level":"info","message":"GET /contacts - Retrieving all contacts","service":"contact-management-api","timestamp":"2025-08-03T19:15:12.280Z"}
{"count":50,"level":"info","message":"GET /contacts - Retrieving all contacts","service":"contact-management-api","timestamp":"2025-08-03T19:20:04.500Z"}
{"count":50,"level":"info","message":"GET /contacts - Retrieving all contacts","service":"contact-management-api","timestamp":"2025-08-03T19:20:04.506Z"}
{"level":"info","message":"MySQL database and contacts table initialized","service":"contact-management-api","timestamp":"2025-08-03T19:30:21.182Z"}
{"level":"warn","message":"Skipped invalid line: \"Test Data for Contact Management Web Application (50 records):\" - Expected 6 fields, got 1","service":"contact-management-api","timestamp":"2025-08-03T19:30:21.186Z"}
{"level":"info","message":"Loaded test contact with ID 12345","service":"contact-management-api","timestamp":"2025-08-03T19:30:21.198Z"}
{"level":"info","message":"Loaded test contact with ID 12346","service":"contact-management-api","timestamp":"2025-08-03T19:30:21.200Z"}
{"level":"info","message":"Loaded test contact with ID 12347","service":"contact-management-api","timestamp":"2025-08-03T19:30:21.202Z"}
{"level":"info","message":"Loaded test contact with ID 12348","service":"contact-management-api","timestamp":"2025-08-03T19:30:21.203Z"}
{"level":"info","message":"Loaded test contact with ID 12349","service":"contact-management-api","timestamp":"2025-08-03T19:30:21.203Z"}
{"level":"info","message":"Loaded test contact with ID 12350","service":"contact-management-api","timestamp":"2025-08-03T19:30:21.204Z"}
{"level":"info","message":"Loaded test contact with ID 12351","service":"contact-management-api","timestamp":"2025-08-03T19:30:21.204Z"}
{"level":"info","message":"Loaded test contact with ID 12352","service":"contact-management-api","timestamp":"2025-08-03T19:30:21.205Z"}
{"level":"info","message":"Loaded test contact with ID 12353","service":"contact-management-api","timestamp":"2025-08-03T19:30:21.206Z"}
{"level":"info","message":"Loaded test contact with ID 12354","service":"contact-management-api","timestamp":"2025-08-03T19:30:21.206Z"}
{"level":"info","message":"Loaded test contact with ID 12355","service":"contact-management-api","timestamp":"2025-08-03T19:30:21.207Z"}
{"level":"info","message":"Loaded test contact with ID 12356","service":"contact-management-api","timestamp":"2025-08-03T19:30:21.208Z"}
{"level":"info","message":"Loaded test contact with ID 12357","service":"contact-management-api","timestamp":"2025-08-03T19:30:21.208Z"}
{"level":"info","message":"Loaded test contact with ID 12358","service":"contact-management-api","timestamp":"2025-08-03T19:30:21.209Z"}
{"level":"info","message":"Loaded test contact with ID 12359","service":"contact-management-api","timestamp":"2025-08-03T19:30:21.209Z"}
{"level":"info","message":"Loaded test contact with ID 12360","service":"contact-management-api","timestamp":"2025-08-03T19:30:21.210Z"}
{"level":"info","message":"Loaded test contact with ID 12361","service":"contact-management-api","timestamp":"2025-08-03T19:30:21.210Z"}
{"level":"info","message":"Loaded test contact with ID 12362","service":"contact-management-api","timestamp":"2025-08-03T19:30:21.211Z"}
{"level":"info","message":"Loaded test contact with ID 12363","service":"contact-management-api","timestamp":"2025-08-03T19:30:21.211Z"}
{"level":"info","message":"Loaded test contact with ID 12364","service":"contact-management-api","timestamp":"2025-08-03T19:30:21.212Z"}
{"level":"info","message":"Loaded test contact with ID 12365","service":"contact-management-api","timestamp":"2025-08-03T19:30:21.212Z"}
{"level":"info","message":"Loaded test contact with ID 12366","service":"contact-management-api","timestamp":"2025-08-03T19:30:21.214Z"}
{"level":"info","message":"Loaded test contact with ID 12367","service":"contact-management-api","timestamp":"2025-08-03T19:30:21.214Z"}
{"level":"info","message":"Loaded test contact with ID 12368","service":"contact-management-api","timestamp":"2025-08-03T19:30:21.215Z"}
{"level":"info","message":"Loaded test contact with ID 12369","service":"contact-management-api","timestamp":"2025-08-03T19:30:21.216Z"}
{"level":"info","message":"Loaded test contact with ID 12370","service":"contact-management-api","timestamp":"2025-08-03T19:30:21.216Z"}
{"level":"info","message":"Loaded test contact with ID 12371","service":"contact-management-api","timestamp":"2025-08-03T19:30:21.216Z"}
{"level":"info","message":"Loaded test contact with ID 12372","service":"contact-management-api","timestamp":"2025-08-03T19:30:21.217Z"}
{"level":"info","message":"Loaded test contact with ID 12373","service":"contact-management-api","timestamp":"2025-08-03T19:30:21.217Z"}
{"level":"info","message":"Loaded test contact with ID 12374","service":"contact-management-api","timestamp":"2025-08-03T19:30:21.218Z"}
{"level":"info","message":"Loaded test contact with ID 12375","service":"contact-management-api","timestamp":"2025-08-03T19:30:21.218Z"}
{"level":"info","message":"Loaded test contact with ID 12376","service":"contact-management-api","timestamp":"2025-08-03T19:30:21.219Z"}
{"level":"info","message":"Loaded test contact with ID 12377","service":"contact-management-api","timestamp":"2025-08-03T19:30:21.220Z"}
{"level":"info","message":"Loaded test contact with ID 12378","service":"contact-management-api","timestamp":"2025-08-03T19:30:21.221Z"}
{"level":"info","message":"Loaded test contact with ID 12379","service":"contact-management-api","timestamp":"2025-08-03T19:30:21.221Z"}
{"level":"info","message":"Loaded test contact with ID 12380","service":"contact-management-api","timestamp":"2025-08-03T19:30:21.222Z"}
{"level":"info","message":"Loaded test contact with ID 12381","service":"contact-management-api","timestamp":"2025-08-03T19:30:21.222Z"}
{"level":"info","message":"Loaded test contact with ID 12382","service":"contact-management-api","timestamp":"2025-08-03T19:30:21.223Z"}
{"level":"info","message":"Loaded test contact with ID 12383","service":"contact-management-api","timestamp":"2025-08-03T19:30:21.223Z"}
{"level":"info","message":"Loaded test contact with ID 12384","service":"contact-management-api","timestamp":"2025-08-03T19:30:21.224Z"}
{"level":"info","message":"Loaded test contact with ID 12385","service":"contact-management-api","timestamp":"2025-08-03T19:30:21.224Z"}
{"level":"info","message":"Loaded test contact with ID 12386","service":"contact-management-api","timestamp":"2025-08-03T19:30:21.224Z"}
{"level":"info","message":"Loaded test contact with ID 12387","service":"contact-management-api","timestamp":"2025-08-03T19:30:21.225Z"}
{"level":"info","message":"Loaded test contact with ID 12388","service":"contact-management-api","timestamp":"2025-08-03T19:30:21.226Z"}
{"level":"info","message":"Loaded test contact with ID 12389","service":"contact-management-api","timestamp":"2025-08-03T19:30:21.226Z"}
{"level":"info","message":"Loaded test contact with ID 12390","service":"contact-management-api","timestamp":"2025-08-03T19:30:21.226Z"}
{"level":"info","message":"Loaded test contact with ID 12391","service":"contact-management-api","timestamp":"2025-08-03T19:30:21.227Z"}
{"level":"info","message":"Loaded test contact with ID 12392","service":"contact-management-api","timestamp":"2025-08-03T19:30:21.227Z"}
{"level":"info","message":"Loaded test contact with ID 12393","service":"contact-management-api","timestamp":"2025-08-03T19:30:21.228Z"}
{"level":"info","message":"Loaded test contact with ID 12394","service":"contact-management-api","timestamp":"2025-08-03T19:30:21.228Z"}
{"level":"info","message":"Loaded test data into MySQL from /Users/brainxtechnologies/Downloads/CS499 Module 3 MilestoneThree_AlgorithmsEnhancement/contact-management-web/TestData.txt","service":"contact-management-api","timestamp":"2025-08-03T19:30:21.228Z"}
{"level":"info","message":"Server running on port 3000","service":"contact-management-api","timestamp":"2025-08-03T19:30:21.230Z"}
{"count":50,"level":"info","message":"GET /contacts - Retrieved all contacts","service":"contact-management-api","timestamp":"2025-08-03T19:30:33.101Z"}
{"count":50,"level":"info","message":"GET /contacts - Retrieved all contacts","service":"contact-management-api","timestamp":"2025-08-03T19:30:33.109Z"}
